<?xml version="1.0" encoding="UTF-8"?>
<!-- Generated by org.testng.reporters.JUnitReportReporter -->
<testsuite hostname="IN" failures="0" tests="6" name="TestNg.AllAnnotationarguments" time="0.015" errors="0" timestamp="2024-01-08T09:03:20 IST" skipped="1">
  <testcase classname="TestNg.AllAnnotationarguments" name="home" time="0.010"/>
  <system-out/>
  <testcase classname="TestNg.AllAnnotationarguments" name="login" time="0.002"/>
  <system-out/>
  <testcase classname="TestNg.AllAnnotationarguments" name="product" time="0.001"/>
  <system-out/>
  <testcase classname="TestNg.AllAnnotationarguments" name="product" time="0.001"/>
  <system-out/>
  <testcase classname="TestNg.AllAnnotationarguments" name="payment" time="0.001"/>
  <system-out/>
  <testcase classname="TestNg.AllAnnotationarguments" name="logout">
    <skipped/>
  </testcase> <!-- logout -->
  <system-out/>
</testsuite> <!-- TestNg.AllAnnotationarguments -->
